{
  "RSpec": {
    "coverage": {
      "/Users/armandoalejandre/Documents/envato/sentiment_tracker/spec/dummy/config/environment.rb": [
        null,
        1,
        null,
        null,
        1
      ],
      "/Users/armandoalejandre/Documents/envato/sentiment_tracker/spec/dummy/config/application.rb": [
        1,
        null,
        1,
        null,
        1,
        1,
        1,
        1,
        1,
        1,
        1,
        1,
        1,
        null,
        null,
        1,
        1,
        null,
        1,
        1,
        null,
        1,
        null,
        null,
        null,
        null,
        null,
        null,
        null,
        null
      ],
      "/Users/armandoalejandre/Documents/envato/sentiment_tracker/spec/dummy/config/boot.rb": [
        null,
        1,
        null,
        1,
        1
      ],
      "/Users/armandoalejandre/Documents/envato/sentiment_tracker/spec/dummy/config/environments/test.rb": [
        null,
        null,
        null,
        null,
        null,
        1,
        null,
        null,
        1,
        1,
        null,
        null,
        null,
        null,
        1,
        null,
        null,
        1,
        1,
        null,
        null,
        null,
        null,
        1,
        1,
        1,
        null,
        null,
        1,
        null,
        null,
        1,
        null,
        null,
        1,
        null,
        1,
        null,
        null,
        null,
        null,
        1,
        null,
        null,
        1,
        null,
        null,
        null,
        null
      ],
      "/Users/armandoalejandre/Documents/envato/sentiment_tracker/spec/dummy/config/initializers/application_controller_renderer.rb": [
        null,
        null,
        null,
        null,
        null,
        null,
        null,
        null
      ],
      "/Users/armandoalejandre/Documents/envato/sentiment_tracker/spec/dummy/config/initializers/assets.rb": [
        null,
        null,
        null,
        1,
        null,
        null,
        null,
        null,
        null,
        null,
        null,
        null
      ],
      "/Users/armandoalejandre/Documents/envato/sentiment_tracker/spec/dummy/config/initializers/backtrace_silencers.rb": [
        null,
        null,
        null,
        null,
        null,
        null,
        null
      ],
      "/Users/armandoalejandre/Documents/envato/sentiment_tracker/spec/dummy/config/initializers/content_security_policy.rb": [
        null,
        null,
        null,
        null,
        null,
        null,
        null,
        null,
        null,
        null,
        null,
        null,
        null,
        null,
        null,
        null,
        null,
        null,
        null,
        null,
        null,
        null,
        null,
        null,
        null,
        null,
        null,
        null
      ],
      "/Users/armandoalejandre/Documents/envato/sentiment_tracker/spec/dummy/config/initializers/cookies_serializer.rb": [
        null,
        null,
        null,
        null,
        1
      ],
      "/Users/armandoalejandre/Documents/envato/sentiment_tracker/spec/dummy/config/initializers/filter_parameter_logging.rb": [
        null,
        null,
        null,
        1
      ],
      "/Users/armandoalejandre/Documents/envato/sentiment_tracker/spec/dummy/config/initializers/inflections.rb": [
        null,
        null,
        null,
        null,
        null,
        null,
        null,
        null,
        null,
        null,
        null,
        null,
        null,
        null,
        null,
        null
      ],
      "/Users/armandoalejandre/Documents/envato/sentiment_tracker/spec/dummy/config/initializers/mime_types.rb": [
        null,
        null,
        null,
        null
      ],
      "/Users/armandoalejandre/Documents/envato/sentiment_tracker/spec/dummy/config/initializers/wrap_parameters.rb": [
        null,
        null,
        null,
        null,
        null,
        null,
        1,
        1,
        null,
        null,
        null,
        null,
        null,
        null
      ],
      "/Users/armandoalejandre/Documents/envato/sentiment_tracker/spec/dummy/config/routes.rb": [
        1,
        null,
        1,
        null
      ],
      "/Users/armandoalejandre/Documents/envato/sentiment_tracker/spec/dummy/app/helpers/application_helper.rb": [
        1,
        null
      ],
      "/Users/armandoalejandre/Documents/envato/sentiment_tracker/spec/dummy/spec/dummy/spec/models/sentiment_spec.rb": [
        1,
        null,
        1,
        null,
        8,
        null,
        2,
        2,
        2,
        null,
        1,
        2,
        null,
        null,
        1,
        2,
        2,
        2,
        null,
        null
      ],
      "/Users/armandoalejandre/Documents/envato/sentiment_tracker/spec/dummy/spec/dummy/spec/models/text_spec.rb": [
        1,
        null,
        1,
        null,
        12,
        null,
        2,
        2,
        2,
        2,
        null,
        1,
        2,
        2,
        2,
        null,
        null,
        1,
        2,
        2,
        null,
        null,
        1,
        2,
        2,
        null,
        null,
        1,
        null
      ],
      "/Users/armandoalejandre/Documents/envato/sentiment_tracker/spec/dummy/spec/dummy/spec/sentiment_tracker_spec.rb": [
        1,
        null,
        1,
        1,
        1,
        null,
        null
      ],
      "/Users/armandoalejandre/Documents/envato/sentiment_tracker/spec/dummy/spec/models/sentence_spec.rb": [
        1,
        null,
        1,
        null,
        8,
        null,
        2,
        2,
        2,
        null,
        1,
        null,
        2,
        null,
        null,
        1,
        2,
        2,
        null,
        null,
        1,
        2,
        null,
        null
      ],
      "/Users/armandoalejandre/Documents/envato/sentiment_tracker/spec/dummy/spec/models/sentiment_spec.rb": [
        1,
        null,
        1,
        null,
        8,
        null,
        2,
        2,
        2,
        null,
        1,
        2,
        null,
        null,
        1,
        2,
        2,
        2,
        null,
        null
      ],
      "/Users/armandoalejandre/Documents/envato/sentiment_tracker/spec/dummy/spec/models/text_spec.rb": [
        1,
        null,
        1,
        null,
        12,
        null,
        2,
        2,
        2,
        2,
        null,
        1,
        2,
        2,
        2,
        null,
        null,
        1,
        2,
        2,
        null,
        null,
        1,
        2,
        2,
        null,
        null,
        1,
        null
      ],
      "/Users/armandoalejandre/Documents/envato/sentiment_tracker/spec/dummy/spec/sentiment_tracker_spec.rb": [
        1,
        null,
        1,
        1,
        1,
        null,
        null
      ]
    },
    "timestamp": 1602512676
  }
}
